<?xml version="1.0" encoding="utf-8"?><testsuites name="pytest tests"><testsuite name="pytest" errors="0" failures="0" skipped="0" tests="17" time="0.973" timestamp="2026-09-26T09:05:47.470443+05:30" hostname="sjames-Lenovo-Legion-5-15IMH05"><testcase classname="tests.test_ratelimit" name="test_admits_up_to_capacity_then_refuses" time="0.000" /><testcase classname="tests.test_ratelimit" name="test_keys_are_independent" time="0.000" /><testcase classname="tests.test_ratelimit" name="test_refills_with_elapsed_time_up_to_capacity" time="0.000" /><testcase classname="tests.test_ratelimit" name="test_refused_call_reports_retry_after" time="0.000" /><testcase classname="tests.test_ratelimit" name="test_retry_after_shrinks_as_time_passes" time="0.000" /><testcase classname="tests.test_ratelimit" name="test_admitted_after_retry_after_elapses" time="0.000" /><testcase classname="tests.test_ratelimit" name="test_admitted_call_has_zero_retry_after" time="0.000" /><testcase classname="tests.test_ratelimit" name="test_acquire_does_not_sleep_when_token_available" time="0.000" /><testcase classname="tests.test_ratelimit" name="test_acquire_sleeps_once_for_retry_after" time="0.000" /><testcase classname="tests.test_ratelimit" name="test_acquire_consumes_the_token_it_waited_for" time="0.000" /><testcase classname="tests.test_ratelimit" name="test_concurrent_callers_never_exceed_capacity" time="0.494" /><testcase classname="tests.test_ratelimit" name="test_imports_are_stdlib_only" time="0.001" /><testcase classname="tests.test_ratelimit" name="test_api_is_synchronous" time="0.001" /><testcase classname="tests.test_ratelimit" name="test_declares_python_3_10_minimum" time="0.001" /><testcase classname="tests.test_ratelimit" name="test_e2e_refused_key_gets_retry_after_and_other_key_unaffected" time="0.000" /><testcase classname="tests.test_ratelimit" name="test_e2e_blocking_caller_waits_on_real_clock" time="0.051" /><testcase classname="tests.test_ratelimit" name="test_e2e_threads_are_held_to_the_sustained_rate" time="0.402" /></testsuite></testsuites>